Using pre-set license
Built from '2020.3/staging' branch; Version is '2020.3.13f1 (71691879b7f5) revision 7432472'; Using compiler version '192528614'; Build Type 'Release'
OS: 'Windows 10 Home; OS build 19043.1165; Version 2009; 64bit' Language: 'en' Physical Memory: 16286 MB
BatchMode: 1, IsHumanControllingUs: 0, StartBugReporterOnCrash: 0, Is64bit: 1, IsPro: 0

 COMMAND LINE ARGUMENTS:
C:\Program Files\Unity\Hub\Editor\2020.3.13f1\Editor\Unity.exe
-adb2
-batchMode
-noUpm
-name
AssetImportWorker0
-projectPath
E:/Unity Repos/Harambe Escape
-logFile
Logs/AssetImportWorker0.log
-srvPort
51612
Successfully changed project path to: E:/Unity Repos/Harambe Escape
E:/Unity Repos/Harambe Escape
Using Asset Import Pipeline V2.
Refreshing native plugins compatible for Editor in 27.60 ms, found 2 plugins.
Preloading 0 native plugins for Editor in 0.00 ms.
Initialize engine version: 2020.3.13f1 (71691879b7f5)
[Subsystems] Discovering subsystems at path C:/Program Files/Unity/Hub/Editor/2020.3.13f1/Editor/Data/Resources/UnitySubsystems
[Subsystems] Discovering subsystems at path E:/Unity Repos/Harambe Escape/Assets
GfxDevice: creating device client; threaded=0
Direct3D:
    Version:  Direct3D 11.0 [level 11.1]
    Renderer: Radeon RX 5500 XT (ID=0x7340)
    Vendor:   
    VRAM:     4055 MB
    Driver:   27.20.22023.1004
Initialize mono
Mono path[0] = 'C:/Program Files/Unity/Hub/Editor/2020.3.13f1/Editor/Data/Managed'
Mono path[1] = 'C:/Program Files/Unity/Hub/Editor/2020.3.13f1/Editor/Data/MonoBleedingEdge/lib/mono/unityjit'
Mono config path = 'C:/Program Files/Unity/Hub/Editor/2020.3.13f1/Editor/Data/MonoBleedingEdge/etc'
Using monoOptions --debugger-agent=transport=dt_socket,embedding=1,server=y,suspend=n,address=127.0.0.1:56572
Begin MonoManager ReloadAssembly
Registering precompiled unity dll's ...
Register platform support module: C:/Program Files/Unity/Hub/Editor/2020.3.13f1/Editor/Data/PlaybackEngines/WebGLSupport/UnityEditor.WebGL.Extensions.dll
Register platform support module: C:/Program Files/Unity/Hub/Editor/2020.3.13f1/Editor/Data/PlaybackEngines/WindowsStandaloneSupport/UnityEditor.WindowsStandalone.Extensions.dll
Registered in 0.002087 seconds.
Native extension for WindowsStandalone target not found
Native extension for WebGL target not found
Refreshing native plugins compatible for Editor in 29.55 ms, found 2 plugins.
Preloading 0 native plugins for Editor in 0.00 ms.
Mono: successfully reloaded assembly
- Completed reload, in  0.991 seconds
Platform modules already initialized, skipping
Registering precompiled user dll's ...
Registered in 0.003180 seconds.
Begin MonoManager ReloadAssembly
Native extension for WindowsStandalone target not found
Native extension for WebGL target not found
Refreshing native plugins compatible for Editor in 0.36 ms, found 2 plugins.
Preloading 0 native plugins for Editor in 0.00 ms.
Mono: successfully reloaded assembly
- Completed reload, in  0.855 seconds
Platform modules already initialized, skipping
========================================================================
Worker process is ready to serve import requests
Launched and connected shader compiler UnityShaderCompiler.exe after 0.04 seconds
Refreshing native plugins compatible for Editor in 0.34 ms, found 2 plugins.
Preloading 0 native plugins for Editor in 0.00 ms.
Unloading 1416 Unused Serialized files (Serialized files now loaded: 0)
System memory in use before: 67.0 MB.
System memory in use after: 67.0 MB.

Unloading 19 unused Assets to reduce memory usage. Loaded Objects now: 1852.
Total: 1.633200 ms (FindLiveObjects: 0.145900 ms CreateObjectMapping: 0.031400 ms MarkObjects: 1.388400 ms  DeleteObjects: 0.066500 ms)

AssetImportParameters requested are different than current active one (requested -> active):
  custom:framework-win-MediaFoundation: 216162199b28c13a410421893ffa2e32 -> 
  custom:video-decoder-ogg-theora: a1e56fd34408186e4bbccfd4996cb3dc -> 
  custom:container-muxer-webm: aa71ff27fc2769a1b78a27578f13a17b -> 
  custom:container-demuxer-webm: 4f35f7cbe854078d1ac9338744f61a02 -> 
  custom:container-demuxer-ogg: 62fdf1f143b41e24485cea50d1cbac27 -> 
  custom:video-encoder-webm-vp8: eb34c28f22e8b96e1ab97ce403110664 -> 
  custom:video-decoder-webm-vp8: 9c59270c3fd7afecdb556c50c9e8de78 -> 
  custom:audio-decoder-ogg-vorbis: bf7c407c2cedff20999df2af8eb42d56 -> 
  custom:audio-encoder-webm-vorbis: bf7c407c2cedff20999df2af8eb42d56 -> 
========================================================================
Received Import Request.
  path: Assets/CartoonStylizedWater/demo.unity
  artifactKey: Guid(b538c928c800406418adc8c5dc8390e4) Importer(815301076,1909f56bfc062723c751e8b465ee728b)
Start importing Assets/CartoonStylizedWater/demo.unity using Guid(b538c928c800406418adc8c5dc8390e4) Importer(815301076,1909f56bfc062723c751e8b465ee728b)  -> (artifact id: '98ec738f3b4e7e70139ec97816dc87f3') in 0.014003 seconds 
  Import took 0.085123 seconds .

========================================================================
Received Import Request.
  Time since last request: 13.463632 seconds.
  path: Assets/CartoonStylizedWater/Materials/Ripple.mat
  artifactKey: Guid(7ba39b44ff7554b5d8fc63758872392b) Importer(815301076,1909f56bfc062723c751e8b465ee728b)
Start importing Assets/CartoonStylizedWater/Materials/Ripple.mat using Guid(7ba39b44ff7554b5d8fc63758872392b) Importer(815301076,1909f56bfc062723c751e8b465ee728b)  -> (artifact id: '28db2d119efa19ea94e02da3e8b8d8ca') in 0.209516 seconds 
  Import took 0.247339 seconds .

========================================================================
Received Import Request.
  Time since last request: 19.925537 seconds.
  path: Assets/Harambe Escape/Scenes/SampleScene
  artifactKey: Guid(cc62e0b9abed8694eae9178e5440cf06) Importer(815301076,1909f56bfc062723c751e8b465ee728b)
Start importing Assets/Harambe Escape/Scenes/SampleScene using Guid(cc62e0b9abed8694eae9178e5440cf06) Importer(815301076,1909f56bfc062723c751e8b465ee728b)  -> (artifact id: '50cd3b692369ec7202c8954839ed06b6') in 0.005640 seconds 
  Import took 0.057762 seconds .

========================================================================
Received Import Request.
  Time since last request: 2.066335 seconds.
  path: Assets/Harambe Escape/Scenes/harambeEscape.unity
  artifactKey: Guid(9fc0d4010bbf28b4594072e72b8655ab) Importer(815301076,1909f56bfc062723c751e8b465ee728b)
Start importing Assets/Harambe Escape/Scenes/harambeEscape.unity using Guid(9fc0d4010bbf28b4594072e72b8655ab) Importer(815301076,1909f56bfc062723c751e8b465ee728b)  -> (artifact id: '4f0a12867dfe455af4c38168bdf12700') in 0.027646 seconds 
  Import took 0.052665 seconds .

========================================================================
Received Prepare
Registering precompiled user dll's ...
Registered in 0.002886 seconds.
Begin MonoManager ReloadAssembly
Native extension for WindowsStandalone target not found
Native extension for WebGL target not found
Refreshing native plugins compatible for Editor in 0.36 ms, found 2 plugins.
Preloading 0 native plugins for Editor in 0.00 ms.
Mono: successfully reloaded assembly
- Completed reload, in  0.768 seconds
Platform modules already initialized, skipping
Refreshing native plugins compatible for Editor in 0.35 ms, found 2 plugins.
Preloading 0 native plugins for Editor in 0.00 ms.
Unloading 1409 Unused Serialized files (Serialized files now loaded: 0)
System memory in use before: 70.1 MB.
System memory in use after: 70.2 MB.

Unloading 14 unused Assets to reduce memory usage. Loaded Objects now: 1895.
Total: 1.591600 ms (FindLiveObjects: 0.130700 ms CreateObjectMapping: 0.030800 ms MarkObjects: 1.387600 ms  DeleteObjects: 0.041800 ms)

AssetImportParameters requested are different than current active one (requested -> active):
  custom:framework-win-MediaFoundation: 216162199b28c13a410421893ffa2e32 -> 
  custom:video-decoder-ogg-theora: a1e56fd34408186e4bbccfd4996cb3dc -> 
  custom:container-muxer-webm: aa71ff27fc2769a1b78a27578f13a17b -> 
  custom:container-demuxer-webm: 4f35f7cbe854078d1ac9338744f61a02 -> 
  custom:container-demuxer-ogg: 62fdf1f143b41e24485cea50d1cbac27 -> 
  custom:video-encoder-webm-vp8: eb34c28f22e8b96e1ab97ce403110664 -> 
  custom:video-decoder-webm-vp8: 9c59270c3fd7afecdb556c50c9e8de78 -> 
  custom:audio-decoder-ogg-vorbis: bf7c407c2cedff20999df2af8eb42d56 -> 
  custom:audio-encoder-webm-vorbis: bf7c407c2cedff20999df2af8eb42d56 -> 
========================================================================
Received Import Request.
  Time since last request: 18.454722 seconds.
  path: Assets/Harambe Escape/Scenes/Lighting
  artifactKey: Guid(cc62e0b9abed8694eae9178e5440cf06) Importer(815301076,1909f56bfc062723c751e8b465ee728b)
Start importing Assets/Harambe Escape/Scenes/Lighting using Guid(cc62e0b9abed8694eae9178e5440cf06) Importer(815301076,1909f56bfc062723c751e8b465ee728b)  -> (artifact id: '66cdfef7c548543f38ddfcd30afff436') in 0.006103 seconds 
  Import took 0.036611 seconds .

========================================================================
Received Import Request.
  Time since last request: 0.801376 seconds.
  path: Assets/Harambe Escape/Scenes/Lighting/LightingData.asset
  artifactKey: Guid(3b14a959ffd18044681178cb20e83a74) Importer(815301076,1909f56bfc062723c751e8b465ee728b)
Start importing Assets/Harambe Escape/Scenes/Lighting/LightingData.asset using Guid(3b14a959ffd18044681178cb20e83a74) Importer(815301076,1909f56bfc062723c751e8b465ee728b)  -> (artifact id: 'e2f7f9b71dfc7572cfa63b3d24a0dca1') in 0.011506 seconds 
  Import took 0.030075 seconds .

========================================================================
Received Import Request.
  Time since last request: 11.907900 seconds.
  path: Assets/CartoonStylizedWater/Prefabs/BigWatterFall.prefab
  artifactKey: Guid(664897c77e30840f2a2286a037a256f7) Importer(815301076,1909f56bfc062723c751e8b465ee728b)
Start importing Assets/CartoonStylizedWater/Prefabs/BigWatterFall.prefab using Guid(664897c77e30840f2a2286a037a256f7) Importer(815301076,1909f56bfc062723c751e8b465ee728b)  -> (artifact id: 'b731f954db264f354d7cf5cd11b51d7b') in 0.113521 seconds 
  Import took 0.135864 seconds .

========================================================================
Received Import Request.
  Time since last request: 8.584266 seconds.
  path: Assets/CartoonStylizedWater/Prefabs/MiniWatterFall .prefab
  artifactKey: Guid(f5bc27506fc564d4ba3d38035087ab11) Importer(815301076,1909f56bfc062723c751e8b465ee728b)
Start importing Assets/CartoonStylizedWater/Prefabs/MiniWatterFall .prefab using Guid(f5bc27506fc564d4ba3d38035087ab11) Importer(815301076,1909f56bfc062723c751e8b465ee728b)  -> (artifact id: '5783a991acb46c7fc13cbb68d09871e4') in 0.039577 seconds 
  Import took 0.070132 seconds .

========================================================================
Received Import Request.
  Time since last request: 9.845154 seconds.
  path: Assets/CartoonStylizedWater/Materials/waterCartoonreal 1.png
  artifactKey: Guid(1aa9f270c3a9e4c4898f9d20b2985509) Importer(815301076,1909f56bfc062723c751e8b465ee728b)
Start importing Assets/CartoonStylizedWater/Materials/waterCartoonreal 1.png using Guid(1aa9f270c3a9e4c4898f9d20b2985509) Importer(815301076,1909f56bfc062723c751e8b465ee728b)  -> (artifact id: '1ee777df0c7e2db591b0ecc30bad38b4') in 0.096525 seconds 
  Import took 0.127794 seconds .

========================================================================
Received Import Request.
  Time since last request: 0.001508 seconds.
  path: Assets/CartoonStylizedWater/Materials/waterCartoonreal 1.png
  artifactKey: Guid(1aa9f270c3a9e4c4898f9d20b2985509) Importer(815301076,1909f56bfc062723c751e8b465ee728b)
Start importing Assets/CartoonStylizedWater/Materials/waterCartoonreal 1.png using Guid(1aa9f270c3a9e4c4898f9d20b2985509) Importer(815301076,1909f56bfc062723c751e8b465ee728b)  -> (artifact id: '1ee777df0c7e2db591b0ecc30bad38b4') in 0.004705 seconds 
  Import took 0.019881 seconds .

========================================================================
Received Import Request.
  Time since last request: 2.570680 seconds.
  path: Assets/CartoonStylizedWater/Textures/shadow.png
  artifactKey: Guid(699c5ccbeeecf4c40af52386ffa2c0e3) Importer(815301076,1909f56bfc062723c751e8b465ee728b)
Start importing Assets/CartoonStylizedWater/Textures/shadow.png using Guid(699c5ccbeeecf4c40af52386ffa2c0e3) Importer(815301076,1909f56bfc062723c751e8b465ee728b)  -> (artifact id: 'c2445aba1fa3b3f0671aff3721da80ff') in 0.007421 seconds 
  Import took 0.046042 seconds .

========================================================================
Received Prepare
Registering precompiled user dll's ...
Registered in 0.002134 seconds.
Begin MonoManager ReloadAssembly
Native extension for WindowsStandalone target not found
Native extension for WebGL target not found
Refreshing native plugins compatible for Editor in 0.39 ms, found 2 plugins.
Preloading 0 native plugins for Editor in 0.00 ms.
Mono: successfully reloaded assembly
- Completed reload, in  0.757 seconds
Platform modules already initialized, skipping
Refreshing native plugins compatible for Editor in 0.35 ms, found 2 plugins.
Preloading 0 native plugins for Editor in 0.00 ms.
Unloading 1409 Unused Serialized files (Serialized files now loaded: 0)
System memory in use before: 70.3 MB.
System memory in use after: 70.4 MB.

Unloading 15 unused Assets to reduce memory usage. Loaded Objects now: 1903.
Total: 1.617300 ms (FindLiveObjects: 0.135200 ms CreateObjectMapping: 0.030700 ms MarkObjects: 1.403900 ms  DeleteObjects: 0.046700 ms)

AssetImportParameters requested are different than current active one (requested -> active):
  custom:framework-win-MediaFoundation: 216162199b28c13a410421893ffa2e32 -> 
  custom:video-decoder-ogg-theora: a1e56fd34408186e4bbccfd4996cb3dc -> 
  custom:container-muxer-webm: aa71ff27fc2769a1b78a27578f13a17b -> 
  custom:container-demuxer-webm: 4f35f7cbe854078d1ac9338744f61a02 -> 
  custom:container-demuxer-ogg: 62fdf1f143b41e24485cea50d1cbac27 -> 
  custom:video-encoder-webm-vp8: eb34c28f22e8b96e1ab97ce403110664 -> 
  custom:video-decoder-webm-vp8: 9c59270c3fd7afecdb556c50c9e8de78 -> 
  custom:audio-decoder-ogg-vorbis: bf7c407c2cedff20999df2af8eb42d56 -> 
  custom:audio-encoder-webm-vorbis: bf7c407c2cedff20999df2af8eb42d56 -> 
========================================================================
Received Import Request.
  Time since last request: 84.913045 seconds.
  path: Assets/CartoonStylizedWater/Prefabs/MicroWatterFall.prefab
  artifactKey: Guid(c49c0ea9a832c408fad26967602dd55b) Importer(815301076,1909f56bfc062723c751e8b465ee728b)
Start importing Assets/CartoonStylizedWater/Prefabs/MicroWatterFall.prefab using Guid(c49c0ea9a832c408fad26967602dd55b) Importer(815301076,1909f56bfc062723c751e8b465ee728b)  -> (artifact id: '6ba79eac9867aa8e2ee218d79ff7b71c') in 0.073487 seconds 
  Import took 0.112607 seconds .

========================================================================
Received Import Request.
  Time since last request: 0.000181 seconds.
  path: Assets/CartoonStylizedWater/Prefabs/Ripples.prefab
  artifactKey: Guid(bec3250e56cbc430fb1e5045743dff0e) Importer(815301076,1909f56bfc062723c751e8b465ee728b)
Start importing Assets/CartoonStylizedWater/Prefabs/Ripples.prefab using Guid(bec3250e56cbc430fb1e5045743dff0e) Importer(815301076,1909f56bfc062723c751e8b465ee728b)  -> (artifact id: '5dedfb616b369ccd27c945a12ac08140') in 0.006906 seconds 
  Import took 0.012139 seconds .

========================================================================
Received Prepare
Registering precompiled user dll's ...
Registered in 0.001973 seconds.
Begin MonoManager ReloadAssembly
Native extension for WindowsStandalone target not found
Native extension for WebGL target not found
Refreshing native plugins compatible for Editor in 0.35 ms, found 2 plugins.
Preloading 0 native plugins for Editor in 0.00 ms.
Mono: successfully reloaded assembly
- Completed reload, in  0.758 seconds
Platform modules already initialized, skipping
Refreshing native plugins compatible for Editor in 0.37 ms, found 2 plugins.
Preloading 0 native plugins for Editor in 0.00 ms.
Unloading 1409 Unused Serialized files (Serialized files now loaded: 0)
System memory in use before: 70.3 MB.
System memory in use after: 70.4 MB.

Unloading 15 unused Assets to reduce memory usage. Loaded Objects now: 1906.
Total: 1.579600 ms (FindLiveObjects: 0.129400 ms CreateObjectMapping: 0.030800 ms MarkObjects: 1.373600 ms  DeleteObjects: 0.045000 ms)

AssetImportParameters requested are different than current active one (requested -> active):
  custom:framework-win-MediaFoundation: 216162199b28c13a410421893ffa2e32 -> 
  custom:video-decoder-ogg-theora: a1e56fd34408186e4bbccfd4996cb3dc -> 
  custom:container-muxer-webm: aa71ff27fc2769a1b78a27578f13a17b -> 
  custom:container-demuxer-webm: 4f35f7cbe854078d1ac9338744f61a02 -> 
  custom:container-demuxer-ogg: 62fdf1f143b41e24485cea50d1cbac27 -> 
  custom:video-encoder-webm-vp8: eb34c28f22e8b96e1ab97ce403110664 -> 
  custom:video-decoder-webm-vp8: 9c59270c3fd7afecdb556c50c9e8de78 -> 
  custom:audio-decoder-ogg-vorbis: bf7c407c2cedff20999df2af8eb42d56 -> 
  custom:audio-encoder-webm-vorbis: bf7c407c2cedff20999df2af8eb42d56 -> 
========================================================================
Received Import Request.
  Time since last request: 1.360360 seconds.
  path: Assets/CartoonStylizedWater/Prefabs/Ripples.prefab
  artifactKey: Guid(bec3250e56cbc430fb1e5045743dff0e) Importer(815301076,1909f56bfc062723c751e8b465ee728b)
Start importing Assets/CartoonStylizedWater/Prefabs/Ripples.prefab using Guid(bec3250e56cbc430fb1e5045743dff0e) Importer(815301076,1909f56bfc062723c751e8b465ee728b)  -> (artifact id: 'bac9309197d9cfa079ae46d1588489f7') in 0.018443 seconds 
  Import took 0.055951 seconds .

========================================================================
Received Import Request.
  Time since last request: 1.471443 seconds.
  path: Assets/CartoonStylizedWater/Prefabs/SmallWatterFall.prefab
  artifactKey: Guid(931ad874526774c5fab2aac67c860398) Importer(815301076,1909f56bfc062723c751e8b465ee728b)
Start importing Assets/CartoonStylizedWater/Prefabs/SmallWatterFall.prefab using Guid(931ad874526774c5fab2aac67c860398) Importer(815301076,1909f56bfc062723c751e8b465ee728b)  -> (artifact id: '525187e35aa05eeb2ef0360dce176148') in 0.041106 seconds 
  Import took 0.060870 seconds .

========================================================================
Received Prepare
Registering precompiled user dll's ...
Registered in 0.002157 seconds.
Begin MonoManager ReloadAssembly
Native extension for WindowsStandalone target not found
Native extension for WebGL target not found
Refreshing native plugins compatible for Editor in 0.35 ms, found 2 plugins.
Preloading 0 native plugins for Editor in 0.00 ms.
Mono: successfully reloaded assembly
- Completed reload, in  0.769 seconds
Platform modules already initialized, skipping
Refreshing native plugins compatible for Editor in 0.35 ms, found 2 plugins.
Preloading 0 native plugins for Editor in 0.00 ms.
Unloading 1409 Unused Serialized files (Serialized files now loaded: 0)
System memory in use before: 70.4 MB.
System memory in use after: 70.4 MB.

Unloading 15 unused Assets to reduce memory usage. Loaded Objects now: 1909.
Total: 2.092700 ms (FindLiveObjects: 0.167500 ms CreateObjectMapping: 0.033100 ms MarkObjects: 1.833400 ms  DeleteObjects: 0.057500 ms)

AssetImportParameters requested are different than current active one (requested -> active):
  custom:framework-win-MediaFoundation: 216162199b28c13a410421893ffa2e32 -> 
  custom:video-decoder-ogg-theora: a1e56fd34408186e4bbccfd4996cb3dc -> 
  custom:container-muxer-webm: aa71ff27fc2769a1b78a27578f13a17b -> 
  custom:container-demuxer-webm: 4f35f7cbe854078d1ac9338744f61a02 -> 
  custom:container-demuxer-ogg: 62fdf1f143b41e24485cea50d1cbac27 -> 
  custom:video-encoder-webm-vp8: eb34c28f22e8b96e1ab97ce403110664 -> 
  custom:video-decoder-webm-vp8: 9c59270c3fd7afecdb556c50c9e8de78 -> 
  custom:audio-decoder-ogg-vorbis: bf7c407c2cedff20999df2af8eb42d56 -> 
  custom:audio-encoder-webm-vorbis: bf7c407c2cedff20999df2af8eb42d56 -> 
========================================================================
Received Prepare
Registering precompiled user dll's ...
Registered in 0.001992 seconds.
Begin MonoManager ReloadAssembly
Native extension for WindowsStandalone target not found
Native extension for WebGL target not found
Refreshing native plugins compatible for Editor in 0.35 ms, found 2 plugins.
Preloading 0 native plugins for Editor in 0.00 ms.
Mono: successfully reloaded assembly
- Completed reload, in  0.773 seconds
Platform modules already initialized, skipping
Refreshing native plugins compatible for Editor in 0.36 ms, found 2 plugins.
Preloading 0 native plugins for Editor in 0.00 ms.
Unloading 1409 Unused Serialized files (Serialized files now loaded: 0)
System memory in use before: 70.4 MB.
System memory in use after: 70.4 MB.

Unloading 14 unused Assets to reduce memory usage. Loaded Objects now: 1911.
Total: 1.627200 ms (FindLiveObjects: 0.135200 ms CreateObjectMapping: 0.030900 ms MarkObjects: 1.412500 ms  DeleteObjects: 0.047700 ms)

AssetImportParameters requested are different than current active one (requested -> active):
  custom:framework-win-MediaFoundation: 216162199b28c13a410421893ffa2e32 -> 
  custom:video-decoder-ogg-theora: a1e56fd34408186e4bbccfd4996cb3dc -> 
  custom:container-muxer-webm: aa71ff27fc2769a1b78a27578f13a17b -> 
  custom:container-demuxer-webm: 4f35f7cbe854078d1ac9338744f61a02 -> 
  custom:container-demuxer-ogg: 62fdf1f143b41e24485cea50d1cbac27 -> 
  custom:video-encoder-webm-vp8: eb34c28f22e8b96e1ab97ce403110664 -> 
  custom:video-decoder-webm-vp8: 9c59270c3fd7afecdb556c50c9e8de78 -> 
  custom:audio-decoder-ogg-vorbis: bf7c407c2cedff20999df2af8eb42d56 -> 
  custom:audio-encoder-webm-vorbis: bf7c407c2cedff20999df2af8eb42d56 -> 
========================================================================
Received Prepare
Registering precompiled user dll's ...
Registered in 0.002094 seconds.
Begin MonoManager ReloadAssembly
Native extension for WindowsStandalone target not found
Native extension for WebGL target not found
Refreshing native plugins compatible for Editor in 0.34 ms, found 2 plugins.
Preloading 0 native plugins for Editor in 0.00 ms.
Mono: successfully reloaded assembly
- Completed reload, in  0.753 seconds
Platform modules already initialized, skipping
Refreshing native plugins compatible for Editor in 0.35 ms, found 2 plugins.
Preloading 0 native plugins for Editor in 0.00 ms.
Unloading 1409 Unused Serialized files (Serialized files now loaded: 0)
System memory in use before: 70.4 MB.
System memory in use after: 70.5 MB.

Unloading 14 unused Assets to reduce memory usage. Loaded Objects now: 1913.
Total: 1.588900 ms (FindLiveObjects: 0.130600 ms CreateObjectMapping: 0.031000 ms MarkObjects: 1.378600 ms  DeleteObjects: 0.048100 ms)

AssetImportParameters requested are different than current active one (requested -> active):
  custom:framework-win-MediaFoundation: 216162199b28c13a410421893ffa2e32 -> 
  custom:video-decoder-ogg-theora: a1e56fd34408186e4bbccfd4996cb3dc -> 
  custom:container-muxer-webm: aa71ff27fc2769a1b78a27578f13a17b -> 
  custom:container-demuxer-webm: 4f35f7cbe854078d1ac9338744f61a02 -> 
  custom:container-demuxer-ogg: 62fdf1f143b41e24485cea50d1cbac27 -> 
  custom:video-encoder-webm-vp8: eb34c28f22e8b96e1ab97ce403110664 -> 
  custom:video-decoder-webm-vp8: 9c59270c3fd7afecdb556c50c9e8de78 -> 
  custom:audio-decoder-ogg-vorbis: bf7c407c2cedff20999df2af8eb42d56 -> 
  custom:audio-encoder-webm-vorbis: bf7c407c2cedff20999df2af8eb42d56 -> 
========================================================================
Received Import Request.
  Time since last request: 2732.360865 seconds.
  path: Assets/CartoonStylizedWater
  artifactKey: Guid(5b12b9cc5a7494c0394a0383ee6162b7) Importer(815301076,1909f56bfc062723c751e8b465ee728b)
Start importing Assets/CartoonStylizedWater using Guid(5b12b9cc5a7494c0394a0383ee6162b7) Importer(815301076,1909f56bfc062723c751e8b465ee728b)  -> (artifact id: 'd08efb943546b0c826dc958fd1a6faf4') in 0.006953 seconds 
  Import took 0.056850 seconds .

========================================================================
Received Prepare
Registering precompiled user dll's ...
Registered in 0.002076 seconds.
Begin MonoManager ReloadAssembly
Native extension for WindowsStandalone target not found
Native extension for WebGL target not found
Refreshing native plugins compatible for Editor in 0.36 ms, found 2 plugins.
Preloading 0 native plugins for Editor in 0.00 ms.
Mono: successfully reloaded assembly
- Completed reload, in  0.761 seconds
Platform modules already initialized, skipping
Refreshing native plugins compatible for Editor in 0.37 ms, found 2 plugins.
Preloading 0 native plugins for Editor in 0.00 ms.
Unloading 1408 Unused Serialized files (Serialized files now loaded: 0)
System memory in use before: 70.4 MB.
System memory in use after: 70.4 MB.

Unloading 15 unused Assets to reduce memory usage. Loaded Objects now: 1914.
Total: 1.805500 ms (FindLiveObjects: 0.167300 ms CreateObjectMapping: 0.031600 ms MarkObjects: 1.551100 ms  DeleteObjects: 0.054400 ms)

AssetImportParameters requested are different than current active one (requested -> active):
  custom:framework-win-MediaFoundation: 216162199b28c13a410421893ffa2e32 -> 
  custom:video-decoder-ogg-theora: a1e56fd34408186e4bbccfd4996cb3dc -> 
  custom:container-muxer-webm: aa71ff27fc2769a1b78a27578f13a17b -> 
  custom:container-demuxer-webm: 4f35f7cbe854078d1ac9338744f61a02 -> 
  custom:container-demuxer-ogg: 62fdf1f143b41e24485cea50d1cbac27 -> 
  custom:video-encoder-webm-vp8: eb34c28f22e8b96e1ab97ce403110664 -> 
  custom:video-decoder-webm-vp8: 9c59270c3fd7afecdb556c50c9e8de78 -> 
  custom:audio-decoder-ogg-vorbis: bf7c407c2cedff20999df2af8eb42d56 -> 
  custom:audio-encoder-webm-vorbis: bf7c407c2cedff20999df2af8eb42d56 -> 
========================================================================
Received Import Request.
  Time since last request: 12.659706 seconds.
  path: Assets/Harambe Escape/Prefabs/Grounds/water.prefab
  artifactKey: Guid(59c3b866711d92a4d94ce4bab7b9aedc) Importer(815301076,1909f56bfc062723c751e8b465ee728b)
Start importing Assets/Harambe Escape/Prefabs/Grounds/water.prefab using Guid(59c3b866711d92a4d94ce4bab7b9aedc) Importer(815301076,1909f56bfc062723c751e8b465ee728b)  -> (artifact id: '323bf13287b9f049c8bd8b5ea982eb04') in 0.055110 seconds 
  Import took 0.093945 seconds .

========================================================================
Received Import Request.
  Time since last request: 20.501765 seconds.
  path: Assets/Harambe Escape/Prefabs/Grounds/water.prefab
  artifactKey: Guid(59c3b866711d92a4d94ce4bab7b9aedc) Importer(815301076,1909f56bfc062723c751e8b465ee728b)
Start importing Assets/Harambe Escape/Prefabs/Grounds/water.prefab using Guid(59c3b866711d92a4d94ce4bab7b9aedc) Importer(815301076,1909f56bfc062723c751e8b465ee728b)  -> (artifact id: '6484f9224e17424404409f03ba64a762') in 0.008512 seconds 
  Import took 0.027539 seconds .

========================================================================
Received Import Request.
  Time since last request: 1.363201 seconds.
  path: Assets/Harambe Escape/Prefabs/Grounds/water.prefab
  artifactKey: Guid(59c3b866711d92a4d94ce4bab7b9aedc) Importer(815301076,1909f56bfc062723c751e8b465ee728b)
Start importing Assets/Harambe Escape/Prefabs/Grounds/water.prefab using Guid(59c3b866711d92a4d94ce4bab7b9aedc) Importer(815301076,1909f56bfc062723c751e8b465ee728b)  -> (artifact id: 'ce1449c296510e939ff1781696482665') in 0.010580 seconds 
  Import took 0.036361 seconds .

========================================================================
Received Prepare
Registering precompiled user dll's ...
Registered in 0.002092 seconds.
Begin MonoManager ReloadAssembly
Native extension for WindowsStandalone target not found
Native extension for WebGL target not found
Refreshing native plugins compatible for Editor in 0.35 ms, found 2 plugins.
Preloading 0 native plugins for Editor in 0.00 ms.
Mono: successfully reloaded assembly
- Completed reload, in  0.745 seconds
Platform modules already initialized, skipping
Refreshing native plugins compatible for Editor in 0.35 ms, found 2 plugins.
Preloading 0 native plugins for Editor in 0.00 ms.
Unloading 1409 Unused Serialized files (Serialized files now loaded: 0)
System memory in use before: 70.4 MB.
System memory in use after: 70.5 MB.

Unloading 14 unused Assets to reduce memory usage. Loaded Objects now: 1918.
Total: 1.598900 ms (FindLiveObjects: 0.145300 ms CreateObjectMapping: 0.035200 ms MarkObjects: 1.373700 ms  DeleteObjects: 0.043800 ms)

AssetImportParameters requested are different than current active one (requested -> active):
  custom:framework-win-MediaFoundation: 216162199b28c13a410421893ffa2e32 -> 
  custom:video-decoder-ogg-theora: a1e56fd34408186e4bbccfd4996cb3dc -> 
  custom:container-muxer-webm: aa71ff27fc2769a1b78a27578f13a17b -> 
  custom:container-demuxer-webm: 4f35f7cbe854078d1ac9338744f61a02 -> 
  custom:container-demuxer-ogg: 62fdf1f143b41e24485cea50d1cbac27 -> 
  custom:video-encoder-webm-vp8: eb34c28f22e8b96e1ab97ce403110664 -> 
  custom:video-decoder-webm-vp8: 9c59270c3fd7afecdb556c50c9e8de78 -> 
  custom:audio-decoder-ogg-vorbis: bf7c407c2cedff20999df2af8eb42d56 -> 
  custom:audio-encoder-webm-vorbis: bf7c407c2cedff20999df2af8eb42d56 -> 
========================================================================
Received Prepare
Registering precompiled user dll's ...
Registered in 0.002096 seconds.
Begin MonoManager ReloadAssembly
Native extension for WindowsStandalone target not found
Native extension for WebGL target not found
Refreshing native plugins compatible for Editor in 0.36 ms, found 2 plugins.
Preloading 0 native plugins for Editor in 0.00 ms.
Mono: successfully reloaded assembly
- Completed reload, in  0.740 seconds
Platform modules already initialized, skipping
Refreshing native plugins compatible for Editor in 0.38 ms, found 2 plugins.
Preloading 0 native plugins for Editor in 0.00 ms.
Unloading 1408 Unused Serialized files (Serialized files now loaded: 0)
System memory in use before: 70.4 MB.
System memory in use after: 70.5 MB.

Unloading 15 unused Assets to reduce memory usage. Loaded Objects now: 1919.
Total: 1.624100 ms (FindLiveObjects: 0.139300 ms CreateObjectMapping: 0.031800 ms MarkObjects: 1.403600 ms  DeleteObjects: 0.048300 ms)

AssetImportParameters requested are different than current active one (requested -> active):
  custom:framework-win-MediaFoundation: 216162199b28c13a410421893ffa2e32 -> 
  custom:video-decoder-ogg-theora: a1e56fd34408186e4bbccfd4996cb3dc -> 
  custom:container-muxer-webm: aa71ff27fc2769a1b78a27578f13a17b -> 
  custom:container-demuxer-webm: 4f35f7cbe854078d1ac9338744f61a02 -> 
  custom:container-demuxer-ogg: 62fdf1f143b41e24485cea50d1cbac27 -> 
  custom:video-encoder-webm-vp8: eb34c28f22e8b96e1ab97ce403110664 -> 
  custom:video-decoder-webm-vp8: 9c59270c3fd7afecdb556c50c9e8de78 -> 
  custom:audio-decoder-ogg-vorbis: bf7c407c2cedff20999df2af8eb42d56 -> 
  custom:audio-encoder-webm-vorbis: bf7c407c2cedff20999df2af8eb42d56 -> 
========================================================================
Received Prepare
Registering precompiled user dll's ...
Registered in 0.003143 seconds.
Begin MonoManager ReloadAssembly
Native extension for WindowsStandalone target not found
Native extension for WebGL target not found
Refreshing native plugins compatible for Editor in 0.39 ms, found 2 plugins.
Preloading 0 native plugins for Editor in 0.00 ms.
Mono: successfully reloaded assembly
- Completed reload, in  0.773 seconds
Platform modules already initialized, skipping
Refreshing native plugins compatible for Editor in 0.35 ms, found 2 plugins.
Preloading 0 native plugins for Editor in 0.00 ms.
Unloading 1408 Unused Serialized files (Serialized files now loaded: 0)
System memory in use before: 70.4 MB.
System memory in use after: 70.5 MB.

Unloading 14 unused Assets to reduce memory usage. Loaded Objects now: 1921.
Total: 2.047200 ms (FindLiveObjects: 0.188300 ms CreateObjectMapping: 0.067500 ms MarkObjects: 1.744800 ms  DeleteObjects: 0.045500 ms)

AssetImportParameters requested are different than current active one (requested -> active):
  custom:framework-win-MediaFoundation: 216162199b28c13a410421893ffa2e32 -> 
  custom:video-decoder-ogg-theora: a1e56fd34408186e4bbccfd4996cb3dc -> 
  custom:container-muxer-webm: aa71ff27fc2769a1b78a27578f13a17b -> 
  custom:container-demuxer-webm: 4f35f7cbe854078d1ac9338744f61a02 -> 
  custom:container-demuxer-ogg: 62fdf1f143b41e24485cea50d1cbac27 -> 
  custom:video-encoder-webm-vp8: eb34c28f22e8b96e1ab97ce403110664 -> 
  custom:video-decoder-webm-vp8: 9c59270c3fd7afecdb556c50c9e8de78 -> 
  custom:audio-decoder-ogg-vorbis: bf7c407c2cedff20999df2af8eb42d56 -> 
  custom:audio-encoder-webm-vorbis: bf7c407c2cedff20999df2af8eb42d56 -> 
AssetImportWorkerClient::OnTransportError - code=2 error=End of file
